Build started 11/26/2011 2:40:28 PM.
     1>Project "C:\Users\Jeffrey\workspace\CUDA\CUDA\Reduction\Reduction.vcxproj" on node 2 (build target(s)).
     1>InitializeBuildStatus:
         Creating "Debug\Reduction.unsuccessfulbuild" because "AlwaysCreate" was specified.
       AddCudaCompileDeps:
         C:\Program Files (x86)\Microsoft Visual Studio 10.0\VC\bin\cl.exe /E /nologo /showIncludes /TP /I"C:\Program Files\NVIDIA GPU Computing Toolkit\CUDA\v4.0\bin" /I"C:\Program Files\NVIDIA GPU Computing Toolkit\CUDA\v4.0\include" /I. /FIcuda_runtime.h /c C:\Users\Jeffrey\workspace\CUDA\CUDA\Reduction\kernel.cu 
       AddCudaCompilePropsDeps:
         Found "CudaToolkitCustomDir".
         Found "AdditionalDeps".
         Found "CompileOut".
         Found "Include".
         Found "Keep".
         Found "KeepDir".
         Found "NvccCompilation".
         Found "NvccPath".
         Found "RequiredIncludes".
         Found "TargetMachinePlatform".
         Found "CInterleavedPTX".
         Found "CodeGeneration".
         Found "GPUDebugInfo".
         Found "MaxRegCount".
         Found "PtxAsOptionV".
         Found "Defines".
         Found "Emulation".
         Found "HostDebugInfo".
         Found "FastMath".
         Found "Optimization".
         Found "Runtime".
         Found "RuntimeChecks".
         Found "TypeInfo".
         Found "Warning".
         Found "AdditionalOptions".
         Found "CommandLineTemplate".
       CudaBuild:
         Compiling CUDA source file kernel.cu...
         cmd.exe /C "C:\Users\Jeffrey\AppData\Local\Temp\22f4ed8427764bd4904ec8e3f639c221.cmd"
         "C:\Program Files\NVIDIA GPU Computing Toolkit\CUDA\v4.0\bin\nvcc.exe" -gencode=arch=compute_10,code=\"sm_10,compute_10\" --use-local-env --cl-version 2010 -ccbin "C:\Program Files (x86)\Microsoft Visual Studio 10.0\VC\bin"  -I"C:\Program Files\NVIDIA GPU Computing Toolkit\CUDA\v4.0\include"  -G0  --keep-dir "Debug" -maxrregcount=0  --machine 32 --compile  -D_NEXUS_DEBUG -g    -Xcompiler "/EHsc /nologo /Od /Zi  /MDd " -o "Debug\kernel.cu.obj" "C:\Users\Jeffrey\workspace\CUDA\CUDA\Reduction\kernel.cu"
         
         C:\Users\Jeffrey\workspace\CUDA\CUDA\Reduction>"C:\Program Files\NVIDIA GPU Computing Toolkit\CUDA\v4.0\bin\nvcc.exe" -gencode=arch=compute_10,code=\"sm_10,compute_10\" --use-local-env --cl-version 2010 -ccbin "C:\Program Files (x86)\Microsoft Visual Studio 10.0\VC\bin"  -I"C:\Program Files\NVIDIA GPU Computing Toolkit\CUDA\v4.0\include"  -G0  --keep-dir "Debug" -maxrregcount=0  --machine 32 --compile  -D_NEXUS_DEBUG -g    -Xcompiler "/EHsc /nologo /Od /Zi  /MDd " -o "Debug\kernel.cu.obj" "C:\Users\Jeffrey\workspace\CUDA\CUDA\Reduction\kernel.cu" 
         kernel.cu
         tmpxft_00001074_00000000-0_kernel.cudafe1.gpu
         tmpxft_00001074_00000000-5_kernel.cudafe2.gpu
         kernel.cu
         tmpxft_00001074_00000000-0_kernel.cudafe1.cpp
         tmpxft_00001074_00000000-11_kernel.ii
         Deleting file "tmpxft_00001074_00000000-6_kernel.cpp3.o".
       ManifestResourceCompile:
         C:\Program Files (x86)\Microsoft SDKs\Windows\v7.0A\bin\rc.exe /nologo /fo"Debug\Reduction.exe.embed.manifest.res" Debug\Reduction_manifest.rc 
       Link:
         C:\Program Files (x86)\Microsoft Visual Studio 10.0\VC\bin\link.exe /ERRORREPORT:PROMPT /OUT:"C:\Users\Jeffrey\workspace\CUDA\CUDA\Debug\Reduction.exe" /INCREMENTAL /NOLOGO /LIBPATH:"C:\Program Files\NVIDIA GPU Computing Toolkit\CUDA\v4.0\lib\Win32" cudart.lib kernel32.lib user32.lib gdi32.lib winspool.lib comdlg32.lib advapi32.lib shell32.lib ole32.lib oleaut32.lib uuid.lib odbc32.lib odbccp32.lib kernel32.lib user32.lib gdi32.lib winspool.lib comdlg32.lib advapi32.lib shell32.lib ole32.lib oleaut32.lib uuid.lib odbc32.lib odbccp32.lib /MANIFEST /ManifestFile:"Debug\Reduction.exe.intermediate.manifest" /MANIFESTUAC:"level='asInvoker' uiAccess='false'" /DEBUG /PDB:"C:\Users\Jeffrey\workspace\CUDA\CUDA\Debug\Reduction.pdb" /SUBSYSTEM:CONSOLE /TLBID:1 /DYNAMICBASE /NXCOMPAT /IMPLIB:"C:\Users\Jeffrey\workspace\CUDA\CUDA\Debug\Reduction.lib" /MACHINE:X86 Debug\kernel.cu.obj
         Debug\Reduction.exe.embed.manifest.res
       Manifest:
         C:\Program Files (x86)\Microsoft SDKs\Windows\v7.0A\bin\mt.exe /nologo /verbose /out:"Debug\Reduction.exe.embed.manifest" /manifest Debug\Reduction.exe.intermediate.manifest
         C:\Program Files (x86)\Microsoft SDKs\Windows\v7.0A\bin\rc.exe /nologo /fo"Debug\Reduction.exe.embed.manifest.res" Debug\Reduction_manifest.rc 
       LinkEmbedManifest:
         C:\Program Files (x86)\Microsoft Visual Studio 10.0\VC\bin\link.exe /ERRORREPORT:PROMPT /OUT:"C:\Users\Jeffrey\workspace\CUDA\CUDA\Debug\Reduction.exe" /INCREMENTAL /NOLOGO /LIBPATH:"C:\Program Files\NVIDIA GPU Computing Toolkit\CUDA\v4.0\lib\Win32" cudart.lib kernel32.lib user32.lib gdi32.lib winspool.lib comdlg32.lib advapi32.lib shell32.lib ole32.lib oleaut32.lib uuid.lib odbc32.lib odbccp32.lib kernel32.lib user32.lib gdi32.lib winspool.lib comdlg32.lib advapi32.lib shell32.lib ole32.lib oleaut32.lib uuid.lib odbc32.lib odbccp32.lib /MANIFEST /ManifestFile:"Debug\Reduction.exe.intermediate.manifest" /MANIFESTUAC:"level='asInvoker' uiAccess='false'" /DEBUG /PDB:"C:\Users\Jeffrey\workspace\CUDA\CUDA\Debug\Reduction.pdb" /SUBSYSTEM:CONSOLE /TLBID:1 /DYNAMICBASE /NXCOMPAT /IMPLIB:"C:\Users\Jeffrey\workspace\CUDA\CUDA\Debug\Reduction.lib" /MACHINE:X86 Debug\kernel.cu.obj
         Debug\Reduction.exe.embed.manifest.res
         Reduction.vcxproj -> C:\Users\Jeffrey\workspace\CUDA\CUDA\Debug\Reduction.exe
       PostBuildEvent:
         echo copy "C:\Program Files\NVIDIA GPU Computing Toolkit\CUDA\v4.0\bin\cudart*.dll" "C:\Users\Jeffrey\workspace\CUDA\CUDA\Debug\"
         copy "C:\Program Files\NVIDIA GPU Computing Toolkit\CUDA\v4.0\bin\cudart*.dll" "C:\Users\Jeffrey\workspace\CUDA\CUDA\Debug\"
         :VCEnd
         copy "C:\Program Files\NVIDIA GPU Computing Toolkit\CUDA\v4.0\bin\cudart*.dll" "C:\Users\Jeffrey\workspace\CUDA\CUDA\Debug\"
         C:\Program Files\NVIDIA GPU Computing Toolkit\CUDA\v4.0\bin\cudart32_40_17.dll
         C:\Program Files\NVIDIA GPU Computing Toolkit\CUDA\v4.0\bin\cudart64_40_17.dll
                 2 file(s) copied.
       FinalizeBuildStatus:
         Deleting file "Debug\Reduction.unsuccessfulbuild".
         Touching "Debug\Reduction.lastbuildstate".
     1>Done Building Project "C:\Users\Jeffrey\workspace\CUDA\CUDA\Reduction\Reduction.vcxproj" (build target(s)).

Build succeeded.

Time Elapsed 00:00:17.89
